<?xml version="1.0" encoding="UTF-8"?>
<!-- Generated by org.testng.reporters.JUnitReportReporter -->
<testsuite hostname="LTCZ0075" failures="0" tests="6" name="api.test.DDTests" time="9.283" errors="0" timestamp="2023-04-23T18:15:31 IST" skipped="0">
  <testcase classname="api.test.DDTests" name="testPostUser" time="1.226"/>
  <system-out/>
  <testcase classname="api.test.DDTests" name="testPostUser" time="2.959"/>
  <system-out/>
  <testcase classname="api.test.DDTests" name="testPostUser" time="1.321"/>
  <system-out/>
  <testcase classname="api.test.DDTests" name="testDeleteUserByName" time="1.257"/>
  <system-out/>
  <testcase classname="api.test.DDTests" name="testDeleteUserByName" time="1.268"/>
  <system-out/>
  <testcase classname="api.test.DDTests" name="testDeleteUserByName" time="1.252"/>
  <system-out/>
</testsuite> <!-- api.test.DDTests -->
