<?xml version="1.0" encoding="UTF-8"?>
<!-- Generated by org.testng.reporters.JUnitReportReporter -->
<testsuite hostname="LTCZ0075" failures="0" tests="4" name="api.test.UserTests2" time="9.476" errors="0" timestamp="2023-04-23T23:37:42 IST" skipped="0">
  <testcase classname="api.test.UserTests2" name="testPostUser" time="3.344"/>
  <system-out/>
  <testcase classname="api.test.UserTests2" name="testGetUserByName" time="1.290"/>
  <system-out/>
  <testcase classname="api.test.UserTests2" name="testUpdateUserByName" time="2.411"/>
  <system-out/>
  <testcase classname="api.test.UserTests2" name="testDeleteUserByName" time="2.431"/>
  <system-out/>
</testsuite> <!-- api.test.UserTests2 -->
