<?xml version="1.0" encoding="UTF-8"?>
<!-- Generated by org.testng.reporters.JUnitReportReporter -->
<testsuite hostname="LTCZ0075" failures="0" tests="4" name="api.test.UserTests" time="9.517" errors="0" timestamp="2023-04-23T23:00:27 IST" skipped="0">
  <testcase classname="api.test.UserTests" name="testPostUser" time="3.415"/>
  <system-out/>
  <testcase classname="api.test.UserTests" name="testGetUserByName" time="1.328"/>
  <system-out/>
  <testcase classname="api.test.UserTests" name="testUpdateUserByName" time="2.420"/>
  <system-out/>
  <testcase classname="api.test.UserTests" name="testDeleteUserByName" time="2.354"/>
  <system-out/>
</testsuite> <!-- api.test.UserTests -->
