<?xml version="1.0" encoding="UTF-8"?>
<!-- Generated by org.testng.reporters.JUnitReportReporter -->
<testsuite hostname="LTCZ0075" failures="0" tests="4" name="api.test.UserTests2" time="13.227" errors="0" timestamp="2023-04-25T10:09:48 IST" skipped="0">
  <testcase classname="api.test.UserTests2" name="testPostUser" time="6.571"/>
  <system-out/>
  <testcase classname="api.test.UserTests2" name="testGetUserByName" time="1.301"/>
  <system-out/>
  <testcase classname="api.test.UserTests2" name="testUpdateUserByName" time="2.689"/>
  <system-out/>
  <testcase classname="api.test.UserTests2" name="testDeleteUserByName" time="2.666"/>
  <system-out/>
</testsuite> <!-- api.test.UserTests2 -->
