<?xml version="1.0" encoding="UTF-8"?>
<!-- Generated by org.testng.reporters.JUnitReportReporter -->
<testsuite hostname="LTCZ0075" failures="0" tests="6" name="api.test.DDTests" time="12.027" errors="0" timestamp="2023-04-24T22:44:27 IST" skipped="0">
  <testcase classname="api.test.DDTests" name="testPostUser" time="5.550"/>
  <system-out/>
  <testcase classname="api.test.DDTests" name="testPostUser" time="1.296"/>
  <system-out/>
  <testcase classname="api.test.DDTests" name="testPostUser" time="1.288"/>
  <system-out/>
  <testcase classname="api.test.DDTests" name="testDeleteUserByName" time="1.314"/>
  <system-out/>
  <testcase classname="api.test.DDTests" name="testDeleteUserByName" time="1.235"/>
  <system-out/>
  <testcase classname="api.test.DDTests" name="testDeleteUserByName" time="1.344"/>
  <system-out/>
</testsuite> <!-- api.test.DDTests -->
